<?xml version="1.0" encoding="UTF-8"?>
<testng-results ignored="0" total="1" passed="1" failed="0" skipped="0">
  <reporter-output>
  </reporter-output>
  <suite started-at="2025-04-08T16:11:03Z" name="Default suite" finished-at="2025-04-08T16:11:03Z" duration-ms="331">
    <groups>
    </groups>
    <test started-at="2025-04-08T16:11:03Z" name="Default test" finished-at="2025-04-08T16:11:03Z" duration-ms="331">
      <class name="testng.Excel_Dataprovider">
        <test-method signature="loginTest(java.lang.String, java.lang.String)[pri:0, instance:testng.Excel_Dataprovider@29d80d2b]" started-at="2025-04-08T21:41:03Z" name="loginTest" data-provider="excelData" finished-at="2025-04-08T21:41:03Z" duration-ms="13" status="PASS">
          <params>
            <param index="0">
              <value>
                <![CDATA[grace]]>
              </value>
            </param>
            <param index="1">
              <value>
                <![CDATA[Grace12345]]>
              </value>
            </param>
          </params>
          <reporter-output>
          </reporter-output>
        </test-method> <!-- loginTest -->
      </class> <!-- testng.Excel_Dataprovider -->
    </test> <!-- Default test -->
  </suite> <!-- Default suite -->
</testng-results>
